#
# A fatal error has been detected by the Java Runtime Environment:
#
#  Internal Error (javaClasses.cpp:129), pid=3112, tid=1124
#  fatal error: Invalid layout of preloaded class
#
# JRE version: 7.0_25-b17
# Java VM: Java HotSpot(TM) Client VM (23.25-b01 mixed mode windows-x86 )
# Failed to write core dump. Minidumps are not enabled by default on client versions of Windows
#
# If you would like to submit a bug report, please visit:
#   http://bugreport.sun.com/bugreport/crash.jsp
#

---------------  T H R E A D  ---------------

Current thread (0x0145b000):  JavaThread "Unknown thread" [_thread_in_vm, id=1124, stack(0x006b0000,0x00700000)]

Stack: [0x006b0000,0x00700000],  sp=0x006ff9d4,  free space=318k
Native frames: (J=compiled Java code, j=interpreted, Vv=VM code, C=native code)
V  [jvm.dll+0x167e31]
V  [jvm.dll+0x1620f6]
V  [jvm.dll+0x1f92f]
V  [jvm.dll+0x1f9b6]
V  [jvm.dll+0x2cffd]
V  [jvm.dll+0x2d2a9]
V  [jvm.dll+0x75351]
V  [jvm.dll+0x7570b]
V  [jvm.dll+0x123881]
V  [jvm.dll+0x1439cc]
V  [jvm.dll+0xa619f]
C  [javaw.exe+0x13ca]
C  [javaw.exe+0x1e3c]
C  [javaw.exe+0xa5b1]
C  [javaw.exe+0xa63b]
C  [KERNEL32.DLL+0x17ad]  BaseThreadInitThunk+0x12
C  [ntdll.dll+0x5226c]  RtlTryAcquireSRWLockShared+0xac
C  [ntdll.dll+0x52245]  RtlTryAcquireSRWLockShared+0x85


---------------  P R O C E S S  ---------------

Java Threads: ( => current thread )

Other Threads:

=>0x0145b000 (exited) JavaThread "Unknown thread" [_thread_in_vm, id=1124, stack(0x006b0000,0x00700000)]

VM state:not at safepoint (not fully initialized)

VM Mutex/Monitor currently owned by a thread: None

GC Heap History (0 events):
No events

Deoptimization events (0 events):
No events

Internal exceptions (0 events):
No events

Events (10 events):
Event: 0.038 loading class 0x01584a00 done
Event: 0.039 loading class 0x01565798 done
Event: 0.039 loading class 0x01565860
Event: 0.040 loading class 0x0158c2f0
Event: 0.040 loading class 0x0158c2f0 done
Event: 0.040 loading class 0x0158c328
Event: 0.040 loading class 0x0158c328 done
Event: 0.040 loading class 0x015d1a18
Event: 0.041 loading class 0x015d1a18 done
Event: 0.041 loading class 0x01565860 done


Dynamic libraries:
0x00300000 - 0x0032f000 	C:\Program Files\Java\jre7\bin\javaw.exe
0x77750000 - 0x778b1000 	C:\Windows\SYSTEM32\ntdll.dll
0x755c0000 - 0x756b9000 	C:\Windows\system32\KERNEL32.DLL
0x75490000 - 0x75562000 	C:\Windows\system32\KERNELBASE.dll
0x73fd0000 - 0x74069000 	C:\Windows\system32\apphelp.dll
0x65c90000 - 0x65ee9000 	C:\Windows\AppPatch\AcGenral.DLL
0x75eb0000 - 0x75f6e000 	C:\Windows\system32\msvcrt.dll
0x77710000 - 0x7774e000 	C:\Windows\SYSTEM32\sechost.dll
0x74ff0000 - 0x75012000 	C:\Windows\SYSTEM32\SspiCli.dll
0x75850000 - 0x75891000 	C:\Windows\system32\SHLWAPI.dll
0x74260000 - 0x74341000 	C:\Windows\SYSTEM32\UxTheme.dll
0x758a0000 - 0x759eb000 	C:\Windows\system32\USER32.dll
0x76440000 - 0x76549000 	C:\Windows\system32\GDI32.dll
0x6e700000 - 0x6e720000 	C:\Windows\SYSTEM32\WINMM.dll
0x70040000 - 0x70052000 	C:\Windows\SYSTEM32\samcli.dll
0x756c0000 - 0x757cc000 	C:\Windows\system32\ole32.dll
0x75fd0000 - 0x76065000 	C:\Windows\system32\OLEAUT32.dll
0x6fc10000 - 0x6fc25000 	C:\Windows\SYSTEM32\MSACM32.dll
0x6e720000 - 0x6e728000 	C:\Windows\SYSTEM32\VERSION.dll
0x76550000 - 0x77707000 	C:\Windows\system32\SHELL32.dll
0x74930000 - 0x74949000 	C:\Windows\SYSTEM32\USERENV.dll
0x73430000 - 0x73448000 	C:\Windows\SYSTEM32\dwmapi.dll
0x70d60000 - 0x70eaa000 	C:\Windows\SYSTEM32\urlmon.dll
0x763c0000 - 0x76438000 	C:\Windows\system32\ADVAPI32.dll
0x6ec40000 - 0x6ec9e000 	C:\Windows\SYSTEM32\WINSPOOL.DRV
0x72080000 - 0x72094000 	C:\Windows\SYSTEM32\MPR.dll
0x759f0000 - 0x75ab4000 	C:\Windows\system32\RPCRT4.dll
0x75ca0000 - 0x75dee000 	C:\Windows\SYSTEM32\combase.dll
0x6e6e0000 - 0x6e700000 	C:\Windows\SYSTEM32\WINMMBASE.dll
0x751a0000 - 0x751ae000 	C:\Windows\SYSTEM32\profapi.dll
0x70b20000 - 0x70d52000 	C:\Windows\SYSTEM32\iertutil.dll
0x70940000 - 0x70b15000 	C:\Windows\SYSTEM32\WININET.dll
0x75380000 - 0x753ba000 	C:\Windows\SYSTEM32\cfgmgr32.dll
0x74230000 - 0x7424f000 	C:\Windows\SYSTEM32\DEVOBJ.dll
0x75c10000 - 0x75c86000 	C:\Windows\system32\SHCORE.DLL
0x75e80000 - 0x75ea5000 	C:\Windows\system32\IMM32.DLL
0x76070000 - 0x76167000 	C:\Windows\system32\MSCTF.dll
0x72ca0000 - 0x72e86000 	C:\Windows\WinSxS\x86_microsoft.windows.common-controls_6595b64144ccf1df_6.0.9600.17031_none_a9efdb8b01377ea7\COMCTL32.dll
0x6fb50000 - 0x6fc0e000 	C:\Program Files\Java\jre7\bin\msvcr100.dll
0x61780000 - 0x61ac2000 	C:\Program Files\Java\jre7\bin\client\jvm.dll
0x6f420000 - 0x6f428000 	C:\Windows\SYSTEM32\WSOCK32.dll
0x76320000 - 0x76326000 	C:\Windows\system32\PSAPI.DLL
0x75570000 - 0x755bd000 	C:\Windows\system32\WS2_32.dll
0x76350000 - 0x76357000 	C:\Windows\system32\NSI.dll
0x707c0000 - 0x707cc000 	C:\Program Files\Java\jre7\bin\verify.dll
0x6fa60000 - 0x6fa80000 	C:\Program Files\Java\jre7\bin\java.dll
0x6fb20000 - 0x6fb4a000 	C:\Program Files\Java\jre7\bin\jdwp.dll
0x72070000 - 0x72077000 	C:\Program Files\Java\jre7\bin\npt.dll
0x6e6b0000 - 0x6e6c3000 	C:\Program Files\Java\jre7\bin\zip.dll
0x6e8f0000 - 0x6ea38000 	C:\Windows\SYSTEM32\dbghelp.dll

VM Arguments:
jvm_args: -agentlib:jdwp=transport=dt_socket,suspend=y,address=localhost:51761 -Dfile.encoding=Cp1252 -Xbootclasspath:E:\SOFTWARE\INFORMATIKA\adt-bundle-windows-x86-20130729\sdk\platforms\android-18\android.jar 
java_command: org.eclipse.jdt.internal.junit.runner.RemoteTestRunner -version 3 -port 51760 -testLoaderClass org.eclipse.jdt.internal.junit4.runner.JUnit4TestLoader -loaderpluginname org.eclipse.jdt.junit4.runtime -classNames com.example.garutsmartcity.bagenditTest
Launcher Type: SUN_STANDARD

Environment Variables:
PATH=C:/Program Files/Java/jre7/bin/client;C:/Program Files/Java/jre7/bin;C:/Program Files/Java/jre7/lib/i386;C:\Windows\system32;C:\Windows;C:\Windows\System32\Wbem;C:\Windows\System32\WindowsPowerShell\v1.0\;C:\Program Files\Intel\OpenCL SDK\2.0\bin\x86;C:\Program Files\Java\jdk1.7.0_25\bin;C:\BC5\BIN;;E:\SOFTWARE\INFORMATIKA\adt-bundle-windows-x86-20130729\eclipse;
USERNAME=Galvin
OS=Windows_NT
PROCESSOR_IDENTIFIER=x86 Family 6 Model 42 Stepping 7, GenuineIntel



---------------  S Y S T E M  ---------------

OS: Windows 8 Build 9200 

CPU:total 4 (2 cores per cpu, 2 threads per core) family 6 model 42 stepping 7, cmov, cx8, fxsr, mmx, sse, sse2, sse3, ssse3, sse4.1, sse4.2, popcnt, avx, ht, tsc, tscinvbit

Memory: 4k page, physical 2037612k(1095832k free), swap 3086188k(1812692k free)

vm_info: Java HotSpot(TM) Client VM (23.25-b01) for windows-x86 JRE (1.7.0_25-b17), built on Jun 21 2013 13:06:48 by "java_re" with unknown MS VC++:1600

time: Mon Dec 22 16:27:58 2014
elapsed time: 0 seconds

